<?xml version="1.0" encoding="UTF-8"?>
<!-- Generated by org.testng.reporters.JUnitReportReporter -->
<testsuite name="com.test.desiredcapabilities.DesiredCapabilitiesTest" tests="1" time="8.015" ignored="0" failures="0" timestamp="22 Jan 2022 14:42:16 GMT" skipped="0" hostname="DESKTOP-2TMHIEP" errors="0">
  <testcase name="t1" time="8.015" classname="com.test.desiredcapabilities.DesiredCapabilitiesTest"/>
</testsuite> <!-- com.test.desiredcapabilities.DesiredCapabilitiesTest -->
