<?xml version="1.0" encoding="UTF-8"?>
<!-- Generated by org.testng.reporters.JUnitReportReporter -->
<testsuite name="com.test.testcases.BooksPageTestCases" tests="1" time="0.720" ignored="0" failures="0" timestamp="22 Jan 2022 18:35:28 GMT" skipped="0" hostname="DESKTOP-2TMHIEP" errors="0">
  <testcase name="clickSideBarBooksBtn" time="0.720" classname="com.test.testcases.BooksPageTestCases"/>
</testsuite> <!-- com.test.testcases.BooksPageTestCases -->
