<?xml version="1.0" encoding="UTF-8"?>
<!-- Generated by org.testng.reporters.JUnitReportReporter -->
<testsuite name="com.test.testcases.TestCases" tests="2" time="28.943" ignored="13" failures="0" timestamp="27 Jan 2022 15:08:37 GMT" skipped="0" hostname="DESKTOP-2TMHIEP" errors="0">
  <testcase name="verifyBooksByClickingOnSideBarBtn" time="15.955" classname="com.test.testcases.TestCases"/>
  <testcase name="verifyBooksByClickingOnNavigationBarBtn" time="12.988" classname="com.test.testcases.TestCases"/>
  <testcase name="createBookWithTitleLessThan8Char" classname="com.test.testcases.TestCases">
    <skipped/>
  </testcase> <!-- createBookWithTitleLessThan8Char -->
  <testcase name="verifyAuthorsByClickingOnSideBarBtn" classname="com.test.testcases.TestCases">
    <skipped/>
  </testcase> <!-- verifyAuthorsByClickingOnSideBarBtn -->
  <testcase name="verifyAuthorsByClickingOnNavigationBarBtn" classname="com.test.testcases.TestCases">
    <skipped/>
  </testcase> <!-- verifyAuthorsByClickingOnNavigationBarBtn -->
  <testcase name="editBook" classname="com.test.testcases.TestCases">
    <skipped/>
  </testcase> <!-- editBook -->
  <testcase name="clearTextBoxWhileCreateBook" classname="com.test.testcases.TestCases">
    <skipped/>
  </testcase> <!-- clearTextBoxWhileCreateBook -->
  <testcase name="verifyHomePageByClickingOnProjectName" classname="com.test.testcases.TestCases">
    <skipped/>
  </testcase> <!-- verifyHomePageByClickingOnProjectName -->
  <testcase name="clearTextBoxWhileEditBook" classname="com.test.testcases.TestCases">
    <skipped/>
  </testcase> <!-- clearTextBoxWhileEditBook -->
  <testcase name="searchBook" classname="com.test.testcases.TestCases">
    <skipped/>
  </testcase> <!-- searchBook -->
  <testcase name="createBook" classname="com.test.testcases.TestCases">
    <skipped/>
  </testcase> <!-- createBook -->
  <testcase name="deleteBook" classname="com.test.testcases.TestCases">
    <skipped/>
  </testcase> <!-- deleteBook -->
  <testcase name="verifyHomePageByClickingOnNavigationBarBtn" classname="com.test.testcases.TestCases">
    <skipped/>
  </testcase> <!-- verifyHomePageByClickingOnNavigationBarBtn -->
  <testcase name="editBookWithTitleLessThan8Char" classname="com.test.testcases.TestCases">
    <skipped/>
  </testcase> <!-- editBookWithTitleLessThan8Char -->
  <testcase name="verifyHomePageByClickingSideBarBtn" classname="com.test.testcases.TestCases">
    <skipped/>
  </testcase> <!-- verifyHomePageByClickingSideBarBtn -->
</testsuite> <!-- com.test.testcases.TestCases -->
