<?xml version="1.0" encoding="UTF-8"?>
<!-- Generated by org.testng.reporters.JUnitReportReporter -->
<testsuite name="Setup" tests="1" time="10.820" ignored="0" failures="0" timestamp="22 Jan 2022 14:23:30 GMT" skipped="0" hostname="DESKTOP-2TMHIEP" errors="0">
  <testcase name="t1" time="10.820" classname="Setup"/>
</testsuite> <!-- Setup -->
