<?xml version="1.0" encoding="UTF-8"?>
<!-- Generated by org.testng.reporters.JUnitReportReporter -->
<testsuite name="com.test.testcases.HomePageTestCases" tests="1" time="0.364" ignored="0" failures="0" timestamp="22 Jan 2022 15:32:15 GMT" skipped="0" hostname="DESKTOP-2TMHIEP" errors="0">
  <testcase name="helloMessage" time="0.364" classname="com.test.testcases.HomePageTestCases"/>
</testsuite> <!-- com.test.testcases.HomePageTestCases -->
